[2022-10-26 19:25:11,409,747] [TwitchViewsBot launched]
[2022-10-26 19:26:02,227,747] [TwitchViewsBot launched]
[2022-10-26 19:35:40,272,749] [TwitchViewsBot launched]
[2022-10-26 19:38:32,386,752] [TwitchViewsBot launched]
[2022-10-26 19:42:29,492,754] [TwitchViewsBot launched]
[2022-10-26 19:43:53,098,754] [TwitchViewsBot launched]
[2022-10-26 19:44:37,708,754] [TwitchViewsBot launched]
[2022-10-26 19:45:42,692,754] [TwitchViewsBot launched]
[2022-10-26 21:03:07,938,579] [Spawning one instance. Please wait for alive & watching instances increase.]
[2022-10-26 21:03:07,977,464] [<Thread(Thread-2 (spawn_instance_thread), started 21480)> starting instance no 1]
[2022-10-26 21:03:29,275,589] [Destroying one instance. Please wait for alive & watching instances decrease.]
[2022-10-26 21:03:29,332,529] [Issuing shutdown of instance #1]
[2022-10-26 21:03:59,513,166] [Navigation failed because page was closed!
=========================== logs ===========================
navigating to "https://www.twitch.tv/login", waiting until "load"
============================================================]
[2022-10-26 21:19:16,776,753] [TwitchViewsBot launched]
[2022-10-26 21:35:36,670,765] [TwitchViewsBot launched]
[2022-10-26 21:38:20,511,765] [TwitchViewsBot launched]
[2022-10-26 21:41:21,479,765] [TwitchViewsBot launched]
[2022-10-26 21:42:35,214,765] [TwitchViewsBot launched]
[2022-10-26 21:43:41,010,765] [TwitchViewsBot launched]
[2022-10-26 21:45:19,686,765] [TwitchViewsBot launched]
[2022-10-26 21:50:13,480,765] [TwitchViewsBot launched]
[2022-10-26 22:43:34,423,732] [Author: Ali Toori
Telegram: https://t.me/AliToori/
************************************************************************]
[2022-10-26 22:43:34,440,771] [TwitchViewsBot launched]
[2022-10-26 22:43:48,834,589] [Spawning one instance. Please wait for alive & watching instances increase.]
[2022-10-26 22:43:48,855,505] [None starting instance no 1]
[2022-10-26 22:48:05,520,732] [Author: Ali Toori
Telegram: https://t.me/AliToori/
************************************************************************]
[2022-10-26 22:48:05,522,771] [TwitchViewsBot launched]
[2022-10-26 22:48:14,457,589] [Spawning one instance. Please wait for alive & watching instances increase.]
[2022-10-26 22:48:14,465,505] [None starting instance no 1]
[2022-10-26 22:51:22,576,733] [Author: Ali Toori
Telegram: https://t.me/AliToori/
************************************************************************]
[2022-10-26 22:51:22,581,772] [TwitchViewsBot launched]
[2022-10-26 22:51:38,338,590] [Spawning one instance. Please wait for alive & watching instances increase.]
[2022-10-26 22:51:38,363,505] [None starting instance no 1]
[2022-10-26 22:52:01,842,600] [Destroying one instance. Please wait for alive & watching instances decrease.]
[2022-10-26 22:52:01,851,545] [Issuing shutdown of instance #1]
[2022-10-26 22:52:02,842,489] [Exiting instance: {'thread': None, 'Command': 'exit', 'Status': 'Watching'}]
[2022-10-26 22:53:50,190,733] [Author: Ali Toori
Telegram: https://t.me/AliToori/
************************************************************************]
[2022-10-26 22:53:50,200,772] [TwitchViewsBot launched]
[2022-10-26 22:53:59,161,590] [Spawning one instance. Please wait for alive & watching instances increase.]
[2022-10-26 22:53:59,289,505] [22316 starting instance no 1]
[2022-10-29 23:10:09,051,853] [TwitchViewsBot launched]
[2022-10-29 23:10:54,367,853] [TwitchViewsBot launched]
[2022-10-29 23:11:44,769,853] [TwitchViewsBot launched]
[2022-10-29 23:12:16,270,853] [TwitchViewsBot launched]
[2022-10-29 23:13:11,190,853] [TwitchViewsBot launched]
[2022-10-29 23:13:35,080,853] [TwitchViewsBot launched]
[2022-10-29 23:14:04,244,853] [TwitchViewsBot launched]
[2022-10-29 23:22:51,295,853] [TwitchViewsBot launched]
[2022-10-29 23:39:45,164,854] [TwitchViewsBot launched]
[2022-10-29 23:39:47,782,660] [Spawning one instance. Please wait for alive & watching instances increase.]
[2022-10-29 23:39:47,784,575] [18504 starting instance no 1]
[2022-10-30 00:04:12,623,854] [TwitchViewsBot launched]
[2022-10-30 00:04:24,132,854] [TwitchViewsBot launched]
[2022-10-30 00:04:46,358,854] [TwitchViewsBot launched]
[2022-10-30 00:05:03,784,854] [TwitchViewsBot launched]
[2022-10-30 00:05:07,529,660] [Spawning one instance. Please wait for alive & watching instances increase.]
[2022-10-30 00:05:07,531,575] [21800 starting instance no 1]
[2022-10-30 00:05:23,860,679] [Destroying all instances. Please wait for alive & watching instances decrease.]
[2022-10-30 00:05:23,860,599] [Destroying Instance with id 1]
[2022-10-30 00:05:29,905,679] [Destroying all instances. Please wait for alive & watching instances decrease.]
[2022-10-30 00:05:29,906,599] [Destroying Instance with id 1]
[2022-10-30 00:05:36,865,675] [Destroying one instance. Please wait for alive & watching instances decrease.]
[2022-10-30 00:05:36,867,615] [Issuing shutdown of instance #1]
[2022-10-30 00:28:16,008,854] [TwitchViewsBot launched]
[2022-10-30 00:28:23,183,660] [Spawning one instance. Please wait for alive & watching instances increase.]
[2022-10-30 00:28:23,184,575] [9328 starting instance no 1]
[2022-10-30 01:49:15,124,854] [TwitchViewsBot launched]
[2022-10-30 01:49:36,165,665] [Spawning five instances. Please wait for alive & watching instances increase.]
[2022-10-30 01:49:36,167,575] [21920 starting instance no 1]
[2022-10-30 01:49:38,178,575] [23116 starting instance no 2]
[2022-10-30 01:49:40,185,575] [13460 starting instance no 3]
[2022-10-30 01:49:42,197,575] [21988 starting instance no 4]
[2022-10-30 01:49:44,205,575] [22584 starting instance no 5]
[2022-10-30 01:49:56,462,665] [Spawning five instances. Please wait for alive & watching instances increase.]
[2022-10-30 01:49:56,464,575] [23924 starting instance no 6]
[2022-10-30 01:49:58,476,575] [24164 starting instance no 7]
[2022-10-30 01:50:00,486,575] [24456 starting instance no 8]
[2022-10-30 01:50:02,503,575] [24552 starting instance no 9]
[2022-10-30 01:50:04,511,575] [23252 starting instance no 10]
[2022-10-30 01:52:37,246,665] [Spawning five instances. Please wait for alive & watching instances increase.]
[2022-10-30 01:52:37,251,575] [16928 starting instance no 11]
[2022-10-30 01:52:39,266,575] [25472 starting instance no 12]
[2022-10-30 01:52:41,272,575] [24648 starting instance no 13]
[2022-10-30 01:52:43,287,575] [23448 starting instance no 14]
[2022-10-30 01:52:45,301,575] [25380 starting instance no 15]
[2022-10-30 01:52:46,637,665] [Spawning five instances. Please wait for alive & watching instances increase.]
[2022-10-30 01:52:46,639,575] [23472 starting instance no 16]
[2022-10-30 01:52:48,649,575] [25380 starting instance no 17]
[2022-10-30 01:52:50,671,575] [25648 starting instance no 18]
[2022-10-30 01:52:52,785,575] [25736 starting instance no 19]
[2022-10-30 01:52:54,788,575] [25824 starting instance no 20]
[2022-10-30 01:54:05,576,679] [Destroying all instances. Please wait for alive & watching instances decrease.]
[2022-10-30 01:54:05,580,599] [Destroying Instance with id 1]
[2022-10-30 01:54:05,581,599] [Destroying Instance with id 2]
[2022-10-30 01:54:05,581,599] [Destroying Instance with id 3]
[2022-10-30 01:54:05,582,599] [Destroying Instance with id 4]
[2022-10-30 01:54:05,583,599] [Destroying Instance with id 5]
[2022-10-30 01:54:05,583,599] [Destroying Instance with id 6]
[2022-10-30 01:54:05,585,599] [Destroying Instance with id 7]
[2022-10-30 01:54:05,585,599] [Destroying Instance with id 8]
[2022-10-30 01:54:05,586,599] [Destroying Instance with id 9]
[2022-10-30 01:54:05,592,599] [Destroying Instance with id 10]
[2022-10-30 01:54:05,598,599] [Destroying Instance with id 11]
[2022-10-30 01:54:05,600,599] [Destroying Instance with id 12]
[2022-10-30 01:54:05,601,599] [Destroying Instance with id 13]
[2022-10-30 01:54:05,601,599] [Destroying Instance with id 14]
[2022-10-30 01:54:05,602,599] [Destroying Instance with id 15]
[2022-10-30 01:54:05,602,599] [Destroying Instance with id 16]
[2022-10-30 01:54:05,604,599] [Destroying Instance with id 17]
[2022-10-30 01:54:05,608,599] [Destroying Instance with id 18]
[2022-10-30 01:54:05,609,599] [Destroying Instance with id 19]
[2022-10-30 01:54:05,609,599] [Destroying Instance with id 20]
[2022-10-30 01:54:45,661,675] [Destroying one instance. Please wait for alive & watching instances decrease.]
[2022-10-30 01:54:45,663,615] [Issuing shutdown of instance #20]
[2022-10-30 01:54:46,639,675] [Destroying one instance. Please wait for alive & watching instances decrease.]
[2022-10-30 01:54:46,642,615] [Issuing shutdown of instance #20]
[2022-10-30 01:54:47,205,675] [Destroying one instance. Please wait for alive & watching instances decrease.]
[2022-10-30 01:54:47,207,615] [Issuing shutdown of instance #20]
[2022-10-30 01:54:48,349,675] [Destroying one instance. Please wait for alive & watching instances decrease.]
[2022-10-30 01:54:48,351,615] [Issuing shutdown of instance #20]
[2022-10-30 01:54:49,348,559] [Exiting instance: {'thread': 24164, 'Command': 'exit', 'Status': 'Watching'}]
[2022-10-30 01:54:49,461,675] [Destroying one instance. Please wait for alive & watching instances decrease.]
[2022-10-30 01:54:49,463,615] [Issuing shutdown of instance #20]
[2022-10-30 01:54:50,102,675] [Destroying one instance. Please wait for alive & watching instances decrease.]
[2022-10-30 01:54:50,104,615] [Issuing shutdown of instance #20]
[2022-10-30 01:54:50,390,559] [Exiting instance: {'thread': 24648, 'Command': 'exit', 'Status': 'Watching'}]
[2022-10-30 01:54:50,477,675] [Destroying one instance. Please wait for alive & watching instances decrease.]
[2022-10-30 01:54:50,479,615] [Issuing shutdown of instance #20]
[2022-10-30 01:54:50,750,675] [Destroying one instance. Please wait for alive & watching instances decrease.]
[2022-10-30 01:54:50,753,615] [Issuing shutdown of instance #20]
[2022-10-30 01:54:50,958,675] [Destroying one instance. Please wait for alive & watching instances decrease.]
[2022-10-30 01:54:50,965,615] [Issuing shutdown of instance #20]
[2022-10-30 01:54:51,149,675] [Destroying one instance. Please wait for alive & watching instances decrease.]
[2022-10-30 01:54:51,152,615] [Issuing shutdown of instance #20]
[2022-10-30 01:54:51,349,675] [Destroying one instance. Please wait for alive & watching instances decrease.]
[2022-10-30 01:54:51,353,615] [Issuing shutdown of instance #20]
[2022-10-30 01:54:51,525,675] [Destroying one instance. Please wait for alive & watching instances decrease.]
[2022-10-30 01:54:51,527,615] [Issuing shutdown of instance #20]
[2022-10-30 01:54:51,704,675] [Destroying one instance. Please wait for alive & watching instances decrease.]
[2022-10-30 01:54:51,706,615] [Issuing shutdown of instance #20]
[2022-10-30 01:54:51,877,675] [Destroying one instance. Please wait for alive & watching instances decrease.]
[2022-10-30 01:54:51,879,615] [Issuing shutdown of instance #20]
[2022-10-30 01:54:52,055,675] [Destroying one instance. Please wait for alive & watching instances decrease.]
[2022-10-30 01:54:52,057,615] [Issuing shutdown of instance #20]
[2022-10-30 01:54:52,269,675] [Destroying one instance. Please wait for alive & watching instances decrease.]
[2022-10-30 01:54:52,270,615] [Issuing shutdown of instance #20]
[2022-10-30 01:54:52,461,675] [Destroying one instance. Please wait for alive & watching instances decrease.]
[2022-10-30 01:54:52,463,615] [Issuing shutdown of instance #20]
[2022-10-30 01:54:52,476,559] [Exiting instance: {'thread': 25736, 'Command': 'exit', 'Status': 'Watching'}]
[2022-10-30 01:54:52,722,675] [Destroying one instance. Please wait for alive & watching instances decrease.]
[2022-10-30 01:54:52,724,615] [Issuing shutdown of instance #20]
[2022-10-30 01:54:52,845,675] [Destroying one instance. Please wait for alive & watching instances decrease.]
[2022-10-30 01:54:52,847,615] [Issuing shutdown of instance #20]
[2022-10-30 01:54:53,029,675] [Destroying one instance. Please wait for alive & watching instances decrease.]
[2022-10-30 01:54:53,032,615] [Issuing shutdown of instance #20]
[2022-10-30 01:54:53,215,675] [Destroying one instance. Please wait for alive & watching instances decrease.]
[2022-10-30 01:54:53,237,615] [Issuing shutdown of instance #20]
[2022-10-30 01:54:53,277,559] [Exiting instance: {'thread': 23472, 'Command': 'exit', 'Status': 'Watching'}]
[2022-10-30 01:54:53,405,675] [Destroying one instance. Please wait for alive & watching instances decrease.]
[2022-10-30 01:54:53,408,615] [Issuing shutdown of instance #20]
[2022-10-30 01:54:53,738,675] [Destroying one instance. Please wait for alive & watching instances decrease.]
[2022-10-30 01:54:53,740,615] [Issuing shutdown of instance #20]
[2022-10-30 01:54:53,789,675] [Destroying one instance. Please wait for alive & watching instances decrease.]
[2022-10-30 01:54:53,792,615] [Issuing shutdown of instance #20]
[2022-10-30 01:54:54,163,559] [Exiting instance: {'thread': 25648, 'Command': 'exit', 'Status': 'Watching'}]
[2022-10-30 01:54:54,285,675] [Destroying one instance. Please wait for alive & watching instances decrease.]
[2022-10-30 01:54:54,287,615] [Issuing shutdown of instance #20]
[2022-10-30 01:54:54,499,559] [Exiting instance: {'thread': 25380, 'Command': 'exit', 'Status': 'Watching'}]
[2022-10-30 01:54:54,557,675] [Destroying one instance. Please wait for alive & watching instances decrease.]
[2022-10-30 01:54:54,559,615] [Issuing shutdown of instance #20]
[2022-10-30 01:54:54,733,675] [Destroying one instance. Please wait for alive & watching instances decrease.]
[2022-10-30 01:54:54,736,615] [Issuing shutdown of instance #20]
[2022-10-30 01:54:55,093,675] [Destroying one instance. Please wait for alive & watching instances decrease.]
[2022-10-30 01:54:55,094,615] [Issuing shutdown of instance #20]
[2022-10-30 01:54:55,277,675] [Destroying one instance. Please wait for alive & watching instances decrease.]
[2022-10-30 01:54:55,279,615] [Issuing shutdown of instance #20]
[2022-10-30 01:54:55,470,675] [Destroying one instance. Please wait for alive & watching instances decrease.]
[2022-10-30 01:54:55,472,615] [Issuing shutdown of instance #20]
[2022-10-30 01:54:55,711,675] [Destroying one instance. Please wait for alive & watching instances decrease.]
[2022-10-30 01:54:55,713,615] [Issuing shutdown of instance #20]
[2022-10-30 01:54:55,821,675] [Destroying one instance. Please wait for alive & watching instances decrease.]
[2022-10-30 01:54:55,824,615] [Issuing shutdown of instance #20]
[2022-10-30 01:54:56,013,675] [Destroying one instance. Please wait for alive & watching instances decrease.]
[2022-10-30 01:54:56,014,615] [Issuing shutdown of instance #20]
[2022-10-30 01:54:56,121,559] [Exiting instance: {'thread': 23924, 'Command': 'exit', 'Status': 'Watching'}]
[2022-10-30 01:54:56,181,675] [Destroying one instance. Please wait for alive & watching instances decrease.]
[2022-10-30 01:54:56,186,615] [Issuing shutdown of instance #20]
[2022-10-30 01:54:56,373,675] [Destroying one instance. Please wait for alive & watching instances decrease.]
[2022-10-30 01:54:56,374,615] [Issuing shutdown of instance #20]
[2022-10-30 01:54:56,557,675] [Destroying one instance. Please wait for alive & watching instances decrease.]
[2022-10-30 01:54:56,559,615] [Issuing shutdown of instance #20]
[2022-10-30 01:54:56,742,675] [Destroying one instance. Please wait for alive & watching instances decrease.]
[2022-10-30 01:54:56,744,615] [Issuing shutdown of instance #20]
[2022-10-30 01:54:56,925,675] [Destroying one instance. Please wait for alive & watching instances decrease.]
[2022-10-30 01:54:56,926,615] [Issuing shutdown of instance #20]
[2022-10-30 01:54:57,010,559] [Exiting instance: {'thread': 23116, 'Command': 'exit', 'Status': 'Watching'}]
[2022-10-30 01:54:57,092,675] [Destroying one instance. Please wait for alive & watching instances decrease.]
[2022-10-30 01:54:57,095,615] [Issuing shutdown of instance #20]
[2022-10-30 01:54:57,269,675] [Destroying one instance. Please wait for alive & watching instances decrease.]
[2022-10-30 01:54:57,270,615] [Issuing shutdown of instance #20]
[2022-10-30 01:54:57,363,559] [Exiting instance: {'thread': 24456, 'Command': 'exit', 'Status': 'Watching'}]
[2022-10-30 01:54:57,439,559] [Exiting instance: {'thread': 21988, 'Command': 'exit', 'Status': 'Watching'}]
[2022-10-30 01:54:57,453,675] [Destroying one instance. Please wait for alive & watching instances decrease.]
[2022-10-30 01:54:57,455,615] [Issuing shutdown of instance #20]
[2022-10-30 01:54:57,630,675] [Destroying one instance. Please wait for alive & watching instances decrease.]
[2022-10-30 01:54:57,638,615] [Issuing shutdown of instance #20]
[2022-10-30 01:54:57,813,675] [Destroying one instance. Please wait for alive & watching instances decrease.]
[2022-10-30 01:54:57,816,615] [Issuing shutdown of instance #20]
[2022-10-30 01:54:57,917,559] [Exiting instance: {'thread': 21920, 'Command': 'exit', 'Status': 'Watching'}]
[2022-10-30 01:54:57,989,675] [Destroying one instance. Please wait for alive & watching instances decrease.]
[2022-10-30 01:54:57,990,615] [Issuing shutdown of instance #20]
[2022-10-30 01:54:58,181,675] [Destroying one instance. Please wait for alive & watching instances decrease.]
[2022-10-30 01:54:58,183,615] [Issuing shutdown of instance #20]
[2022-10-30 01:54:58,349,675] [Destroying one instance. Please wait for alive & watching instances decrease.]
[2022-10-30 01:54:58,352,615] [Issuing shutdown of instance #20]
[2022-10-30 01:54:58,533,559] [Exiting instance: {'thread': 25472, 'Command': 'exit', 'Status': 'Watching'}]
[2022-10-30 01:54:58,540,675] [Destroying one instance. Please wait for alive & watching instances decrease.]
[2022-10-30 01:54:58,543,615] [Issuing shutdown of instance #20]
[2022-10-30 01:54:58,772,675] [Destroying one instance. Please wait for alive & watching instances decrease.]
[2022-10-30 01:54:58,775,615] [Issuing shutdown of instance #20]
[2022-10-30 01:54:58,840,559] [Exiting instance: {'thread': 23448, 'Command': 'exit', 'Status': 'Watching'}]
[2022-10-30 01:54:58,925,675] [Destroying one instance. Please wait for alive & watching instances decrease.]
[2022-10-30 01:54:58,926,615] [Issuing shutdown of instance #20]
[2022-10-30 01:54:59,117,675] [Destroying one instance. Please wait for alive & watching instances decrease.]
[2022-10-30 01:54:59,119,615] [Issuing shutdown of instance #20]
[2022-10-30 01:54:59,302,675] [Destroying one instance. Please wait for alive & watching instances decrease.]
[2022-10-30 01:54:59,303,615] [Issuing shutdown of instance #20]
[2022-10-30 01:54:59,501,675] [Destroying one instance. Please wait for alive & watching instances decrease.]
[2022-10-30 01:54:59,503,615] [Issuing shutdown of instance #20]
[2022-10-30 01:54:59,849,675] [Destroying one instance. Please wait for alive & watching instances decrease.]
[2022-10-30 01:54:59,853,615] [Issuing shutdown of instance #20]
[2022-10-30 01:54:59,862,675] [Destroying one instance. Please wait for alive & watching instances decrease.]
[2022-10-30 01:54:59,864,615] [Issuing shutdown of instance #20]
[2022-10-30 01:54:59,926,559] [Exiting instance: {'thread': 22584, 'Command': 'exit', 'Status': 'Watching'}]
[2022-10-30 01:55:00,054,675] [Destroying one instance. Please wait for alive & watching instances decrease.]
[2022-10-30 01:55:00,057,615] [Issuing shutdown of instance #20]
[2022-10-30 01:55:00,173,559] [Exiting instance: {'thread': 16928, 'Command': 'exit', 'Status': 'Watching'}]
[2022-10-30 01:55:00,238,675] [Destroying one instance. Please wait for alive & watching instances decrease.]
[2022-10-30 01:55:00,240,615] [Issuing shutdown of instance #20]
[2022-10-30 01:55:00,445,675] [Destroying one instance. Please wait for alive & watching instances decrease.]
[2022-10-30 01:55:00,447,615] [Issuing shutdown of instance #20]
[2022-10-30 01:55:00,655,559] [Exiting instance: {'thread': 25824, 'Command': 'exit', 'Status': 'Watching'}]
[2022-10-30 01:55:01,295,559] [Exiting instance: {'thread': 24552, 'Command': 'exit', 'Status': 'Watching'}]
[2022-10-30 01:55:03,351,559] [Exiting instance: {'thread': 23252, 'Command': 'exit', 'Status': 'Watching'}]
[2022-10-30 01:55:04,856,559] [Exiting instance: {'thread': 13460, 'Command': 'exit', 'Status': 'Watching'}]
[2022-10-30 01:55:05,973,675] [Destroying one instance. Please wait for alive & watching instances decrease.]
[2022-10-30 01:55:05,975,615] [Issuing shutdown of instance #15]
[2022-10-30 01:55:06,461,675] [Destroying one instance. Please wait for alive & watching instances decrease.]
[2022-10-30 01:55:06,463,615] [Issuing shutdown of instance #15]
[2022-10-30 01:55:06,879,675] [Destroying one instance. Please wait for alive & watching instances decrease.]
[2022-10-30 01:55:06,881,615] [Issuing shutdown of instance #15]
[2022-10-30 01:55:07,028,675] [Destroying one instance. Please wait for alive & watching instances decrease.]
[2022-10-30 01:55:07,031,615] [Issuing shutdown of instance #15]
[2022-10-30 01:55:07,229,675] [Destroying one instance. Please wait for alive & watching instances decrease.]
[2022-10-30 01:55:07,231,615] [Issuing shutdown of instance #15]
[2022-10-30 01:55:07,421,675] [Destroying one instance. Please wait for alive & watching instances decrease.]
[2022-10-30 01:55:07,422,615] [Issuing shutdown of instance #15]
[2022-10-30 01:55:07,605,675] [Destroying one instance. Please wait for alive & watching instances decrease.]
[2022-10-30 01:55:07,607,615] [Issuing shutdown of instance #15]
[2022-10-30 01:55:08,021,675] [Destroying one instance. Please wait for alive & watching instances decrease.]
[2022-10-30 01:55:08,023,615] [Issuing shutdown of instance #15]
[2022-10-30 01:55:20,057,559] [Exiting instance: {'thread': 25380, 'Command': 'exit', 'Status': 'Watching'}]
[2022-10-30 16:10:26,349,854] [TwitchViewsBot launched]
[2022-10-30 16:11:06,435,660] [Spawning one instance. Please wait for alive & watching instances increase.]
[2022-10-30 16:11:06,436,575] [25024 starting instance no 1]
[2022-10-30 16:11:36,938,660] [Spawning one instance. Please wait for alive & watching instances increase.]
[2022-10-30 16:11:36,940,575] [23756 starting instance no 2]
[2022-10-30 16:11:37,914,675] [Destroying one instance. Please wait for alive & watching instances decrease.]
[2022-10-30 16:11:37,915,615] [Issuing shutdown of instance #2]
[2022-10-30 16:11:38,202,675] [Destroying one instance. Please wait for alive & watching instances decrease.]
[2022-10-30 16:11:38,203,615] [Issuing shutdown of instance #2]
[2022-10-30 16:11:38,628,675] [Destroying one instance. Please wait for alive & watching instances decrease.]
[2022-10-30 16:11:38,630,615] [Issuing shutdown of instance #2]
[2022-10-30 16:11:42,674,675] [Destroying one instance. Please wait for alive & watching instances decrease.]
[2022-10-30 16:11:42,675,615] [Issuing shutdown of instance #2]
[2022-10-30 16:11:43,314,675] [Destroying one instance. Please wait for alive & watching instances decrease.]
[2022-10-30 16:11:43,315,615] [Issuing shutdown of instance #2]
[2022-10-30 16:11:43,954,675] [Destroying one instance. Please wait for alive & watching instances decrease.]
[2022-10-30 16:11:43,955,615] [Issuing shutdown of instance #2]
[2022-10-30 16:11:58,651,679] [Destroying all instances. Please wait for alive & watching instances decrease.]
[2022-10-30 16:11:58,653,599] [Destroying Instance with id 1]
[2022-10-30 16:11:58,653,599] [Destroying Instance with id 2]
[2022-10-30 16:12:56,418,559] [Exiting instance: {'thread': 23756, 'Command': 'exit', 'Status': 'Watching'}]
[2022-10-30 16:13:05,535,559] [Exiting instance: {'thread': 25024, 'Command': 'exit', 'Status': 'Watching'}]
[2022-10-30 16:16:30,422,854] [TwitchViewsBot launched]
[2022-10-30 16:18:48,218,665] [Spawning five instances. Please wait for alive & watching instances increase.]
[2022-10-30 16:18:48,222,575] [29056 starting instance no 1]
[2022-10-30 16:18:50,226,575] [23048 starting instance no 2]
[2022-10-30 16:18:50,721,665] [Spawning five instances. Please wait for alive & watching instances increase.]
[2022-10-30 16:18:50,723,575] [28928 starting instance no 3]
[2022-10-30 16:18:51,697,665] [Spawning five instances. Please wait for alive & watching instances increase.]
[2022-10-30 16:18:51,699,575] [23764 starting instance no 4]
[2022-10-30 16:18:52,243,575] [11364 starting instance no 5]
[2022-10-30 16:18:52,258,665] [Spawning five instances. Please wait for alive & watching instances increase.]
[2022-10-30 16:18:52,264,575] [24520 starting instance no 6]
[2022-10-30 16:18:52,757,575] [25952 starting instance no 7]
[2022-10-30 16:18:53,728,575] [14248 starting instance no 8]
[2022-10-30 16:18:54,264,575] [23656 starting instance no 9]
[2022-10-30 16:18:54,273,575] [24036 starting instance no 10]
[2022-10-30 16:18:54,762,575] [29060 starting instance no 11]
[2022-10-30 16:18:55,765,575] [3948 starting instance no 12]
[2022-10-30 16:18:56,308,575] [28756 starting instance no 13]
[2022-10-30 16:18:56,371,575] [22680 starting instance no 14]
[2022-10-30 16:18:56,778,575] [11744 starting instance no 15]
[2022-10-30 16:18:57,788,575] [26464 starting instance no 16]
[2022-10-30 16:18:58,414,575] [26036 starting instance no 17]
[2022-10-30 16:18:58,805,575] [2504 starting instance no 18]
[2022-10-30 16:18:59,840,575] [23248 starting instance no 19]
[2022-10-30 16:19:00,429,575] [24948 starting instance no 20]
[2022-10-30 16:21:07,866,665] [Spawning five instances. Please wait for alive & watching instances increase.]
[2022-10-30 16:21:07,868,575] [19940 starting instance no 21]
[2022-10-30 16:21:08,299,665] [Spawning five instances. Please wait for alive & watching instances increase.]
[2022-10-30 16:21:08,300,575] [31092 starting instance no 22]
[2022-10-30 16:21:08,858,665] [Spawning five instances. Please wait for alive & watching instances increase.]
[2022-10-30 16:21:08,868,575] [29384 starting instance no 23]
[2022-10-30 16:21:09,883,575] [7396 starting instance no 24]
[2022-10-30 16:21:10,337,575] [9392 starting instance no 25]
[2022-10-30 16:21:10,928,575] [31672 starting instance no 26]
[2022-10-30 16:21:11,921,575] [15556 starting instance no 27]
[2022-10-30 16:21:12,422,575] [26012 starting instance no 28]
[2022-10-30 16:21:12,972,575] [30676 starting instance no 29]
[2022-10-30 16:21:13,971,575] [29408 starting instance no 30]
[2022-10-30 16:21:14,512,575] [31700 starting instance no 31]
[2022-10-30 16:21:15,016,575] [23632 starting instance no 32]
[2022-10-30 16:21:16,052,575] [30804 starting instance no 33]
[2022-10-30 16:21:16,560,575] [29668 starting instance no 34]
[2022-10-30 16:21:17,104,575] [25192 starting instance no 35]
[2022-10-30 16:23:25,009,675] [Destroying one instance. Please wait for alive & watching instances decrease.]
[2022-10-30 16:23:25,012,615] [Issuing shutdown of instance #35]
[2022-10-30 16:23:25,521,675] [Destroying one instance. Please wait for alive & watching instances decrease.]
[2022-10-30 16:23:25,522,615] [Issuing shutdown of instance #35]
[2022-10-30 16:23:25,920,559] [Exiting instance: {'thread': 25192, 'Command': 'exit', 'Status': 'Watching'}]
[2022-10-30 16:23:26,009,675] [Destroying one instance. Please wait for alive & watching instances decrease.]
[2022-10-30 16:23:26,026,615] [Issuing shutdown of instance #34]
[2022-10-30 16:23:26,425,675] [Destroying one instance. Please wait for alive & watching instances decrease.]
[2022-10-30 16:23:26,426,615] [Issuing shutdown of instance #34]
[2022-10-30 16:23:26,808,675] [Destroying one instance. Please wait for alive & watching instances decrease.]
[2022-10-30 16:23:26,810,615] [Issuing shutdown of instance #34]
[2022-10-30 16:23:27,008,559] [Exiting instance: {'thread': 29668, 'Command': 'exit', 'Status': 'Watching'}]
[2022-10-30 16:23:27,113,675] [Destroying one instance. Please wait for alive & watching instances decrease.]
[2022-10-30 16:23:27,115,615] [Issuing shutdown of instance #33]
[2022-10-30 16:23:27,460,675] [Destroying one instance. Please wait for alive & watching instances decrease.]
[2022-10-30 16:23:27,466,615] [Issuing shutdown of instance #33]
[2022-10-30 16:23:27,825,675] [Destroying one instance. Please wait for alive & watching instances decrease.]
[2022-10-30 16:23:27,827,615] [Issuing shutdown of instance #33]
[2022-10-30 16:23:28,185,675] [Destroying one instance. Please wait for alive & watching instances decrease.]
[2022-10-30 16:23:28,187,615] [Issuing shutdown of instance #33]
[2022-10-30 16:23:28,520,675] [Destroying one instance. Please wait for alive & watching instances decrease.]
[2022-10-30 16:23:28,522,615] [Issuing shutdown of instance #33]
[2022-10-30 16:23:28,881,675] [Destroying one instance. Please wait for alive & watching instances decrease.]
[2022-10-30 16:23:28,884,615] [Issuing shutdown of instance #33]
[2022-10-30 16:23:29,209,675] [Destroying one instance. Please wait for alive & watching instances decrease.]
[2022-10-30 16:23:29,212,615] [Issuing shutdown of instance #33]
[2022-10-30 16:23:29,571,675] [Destroying one instance. Please wait for alive & watching instances decrease.]
[2022-10-30 16:23:29,573,615] [Issuing shutdown of instance #33]
[2022-10-30 16:23:31,930,675] [Destroying one instance. Please wait for alive & watching instances decrease.]
[2022-10-30 16:23:31,936,615] [Issuing shutdown of instance #33]
[2022-10-30 16:23:32,289,675] [Destroying one instance. Please wait for alive & watching instances decrease.]
[2022-10-30 16:23:32,291,615] [Issuing shutdown of instance #33]
[2022-10-30 16:25:03,418,559] [Exiting instance: {'thread': 30804, 'Command': 'exit', 'Status': 'Watching'}]
[2022-11-10 00:12:53,538,894] [TwitchViewsBot launched]
[2022-11-10 00:19:25,563,894] [TwitchViewsBot launched]
[2022-11-10 00:20:09,244,894] [TwitchViewsBot launched]
[2022-11-10 00:20:19,962,700] [Spawning one instance. Please wait for alive & watching instances increase.]
[2022-11-10 00:20:20,025,582] [34104 starting instance no 1]
[2022-11-10 00:21:15,364,895] [TwitchViewsBot launched]
[2022-11-10 00:21:18,911,701] [Spawning one instance. Please wait for alive & watching instances increase.]
[2022-11-10 00:21:18,911,583] [35708 starting instance no 1]
[2022-11-10 00:22:06,220,895] [TwitchViewsBot launched]
[2022-11-10 00:22:08,470,701] [Spawning one instance. Please wait for alive & watching instances increase.]
[2022-11-10 00:22:08,470,583] [34980 starting instance no 1]
[2022-11-10 00:25:45,092,896] [TwitchViewsBot launched]
[2022-11-10 00:25:47,505,702] [Spawning one instance. Please wait for alive & watching instances increase.]
[2022-11-10 00:25:47,507,584] [1612 starting instance no 1]
[2022-11-10 00:27:32,439,896] [TwitchViewsBot launched]
[2022-11-10 00:27:34,692,702] [Spawning one instance. Please wait for alive & watching instances increase.]
[2022-11-10 00:27:34,703,584] [13164 starting instance no 1]
[2022-11-10 00:28:10,431,896] [TwitchViewsBot launched]
[2022-11-10 00:28:13,761,702] [Spawning one instance. Please wait for alive & watching instances increase.]
[2022-11-10 00:28:13,767,584] [34144 starting instance no 1]
[2022-11-10 00:28:18,502,562] [Watch URL: https://video-weaver.sin01.hls.ttvnw.net/v1/playlist/CqYE_dGoU1ir8Dfsp3tl8CG24Sh5BU59SeY-FdmkIRLYKh5xL8XONKZl9HDgcjNV9OeocHZxtCKOL2CXm1NMPjGs1RSxSMVQVsNQPxQX9x5K7oyTOP1Q8cB9c0uu7xKgZ6MG_nf7HhaF_EoHY-uiZi9PFOe93SXd43gX7RelxCHO8v4UIsN0sGycNfUYAlP_6WlsvcMBWmA3u9Npq4sOkqNaNOCF8q4jd4yBWzVlNaQ5Hlmd3tB8p1p4PBgluglpf7CPcF6pRKAaPwf1gUTljlX3du4aWJQydM-VCUDdTiO0P0_uugG6eBj9FolPuUTaa8-1wasNnKc9bp5bf4kOfmwNcObZf2k09Kdk0HDpb8sQbaDquzlNVgtLvkX11f28IqcpBIYjcn81HtKD18WqiI4uleIF2elaqYnF9qxnBATWqA0P0RvoMoVuHtfpvfFjV-ZKteLPUw9i9TahWoYc9CicU2a7pdCW4Q-dBx4sIG8yXcx2JDKA4VjkQZnvIcfAzE8syr_bFmKFdiaEObYhkSliSt0SgcPsNJrPApAQfCLydlURSKfx41OHq5b4VfMTSU4Vn6MnFOP_Yg0_jvavso7enMpRLExMi8wYaDDima_wh7aPdL6VXZ5K2AJAG4eP3yodcegRiHRAJFK7nNpY9PhUc6o3pizQiWr3L3lJn1G8KUxmKMry3NjwnSVbxD0oAZJyZy4dJfazPh_8IeDPpehj6QFJTGX-iBoMc5gyllvwI9Ra2qQoIAEqCWV1LXdlc3QtMjCOBQ.m3u8]
[2022-11-10 00:29:33,136,896] [TwitchViewsBot launched]
[2022-11-10 00:29:41,640,707] [Spawning five instances. Please wait for alive & watching instances increase.]
[2022-11-10 00:29:41,643,584] [34964 starting instance no 1]
[2022-11-10 00:29:43,645,584] [34956 starting instance no 2]
[2022-11-10 00:29:45,652,584] [35172 starting instance no 3]
[2022-11-10 00:29:47,658,584] [32460 starting instance no 4]
[2022-11-10 00:29:49,448,707] [Spawning five instances. Please wait for alive & watching instances increase.]
[2022-11-10 00:29:49,451,584] [35688 starting instance no 5]
[2022-11-10 00:29:49,663,584] [35788 starting instance no 6]
[2022-11-10 00:29:51,312,707] [Spawning five instances. Please wait for alive & watching instances increase.]
[2022-11-10 00:29:51,319,584] [16840 starting instance no 7]
[2022-11-10 00:29:51,458,584] [33400 starting instance no 8]
[2022-11-10 00:29:53,322,584] [35444 starting instance no 9]
[2022-11-10 00:29:53,468,584] [34448 starting instance no 10]
[2022-11-10 00:29:55,331,584] [35420 starting instance no 11]
[2022-11-10 00:29:55,509,584] [16152 starting instance no 12]
[2022-11-10 00:29:57,341,584] [35804 starting instance no 13]
[2022-11-10 00:29:57,516,584] [34876 starting instance no 14]
[2022-11-10 00:29:59,375,584] [33960 starting instance no 15]
[2022-11-10 00:30:03,255,721] [Destroying all instances. Please wait for alive & watching instances decrease.]
[2022-11-10 00:30:08,655,717] [Destroying one instance. Please wait for alive & watching instances decrease.]
[2022-11-10 00:30:08,657,653] [No instances found]
[2022-11-10 00:30:09,704,717] [Destroying one instance. Please wait for alive & watching instances decrease.]
[2022-11-10 00:30:09,706,653] [No instances found]
[2022-11-10 00:30:10,284,717] [Destroying one instance. Please wait for alive & watching instances decrease.]
[2022-11-10 00:30:10,286,653] [No instances found]
[2022-11-10 21:41:21,589,896] [TwitchViewsBot launched]
[2022-11-10 21:41:26,048,702] [Spawning one instance. Please wait for alive & watching instances increase.]
[2022-11-10 21:41:26,050,584] [40288 starting instance no 1]
[2022-11-10 21:41:32,175,717] [Destroying one instance. Please wait for alive & watching instances decrease.]
[2022-11-10 21:41:32,176,653] [No instances found]
[2022-11-10 21:41:34,951,717] [Destroying one instance. Please wait for alive & watching instances decrease.]
[2022-11-10 21:41:34,952,653] [No instances found]
[2022-11-10 21:41:50,272,721] [Destroying all instances. Please wait for alive & watching instances decrease.]
[2022-11-10 21:45:58,321,896] [TwitchViewsBot launched]
[2022-11-10 21:46:03,943,702] [Spawning one instance. Please wait for alive & watching instances increase.]
[2022-11-10 21:46:03,945,584] [40924 starting instance no 1]
[2022-11-10 21:46:05,727,717] [Destroying one instance. Please wait for alive & watching instances decrease.]
[2022-11-10 21:46:05,728,657] [Issuing shutdown of instance #1]
[2022-11-10 21:46:14,765,568] [Exiting instance: {'thread': 40924, 'Command': 'exit', 'Status': 'Watching'}]
[2022-11-10 21:47:36,525,897] [TwitchViewsBot launched]
[2022-11-10 22:07:35,037,703] [Spawning one instance. Please wait for alive & watching instances increase.]
[2022-11-10 22:07:35,039,585] [37040 starting instance no 1]
[2022-11-10 22:07:35,429,703] [Spawning one instance. Please wait for alive & watching instances increase.]
[2022-11-10 22:07:35,430,585] [5468 starting instance no 2]
[2022-11-10 22:07:36,965,703] [Spawning one instance. Please wait for alive & watching instances increase.]
[2022-11-10 22:07:36,967,585] [40676 starting instance no 3]
[2022-11-10 22:07:39,701,722] [Destroying all instances. Please wait for alive & watching instances decrease.]
[2022-11-10 22:07:39,703,642] [Destroying Instance with id 1]
[2022-11-10 22:07:39,704,642] [Destroying Instance with id 2]
[2022-11-10 22:07:39,704,642] [Destroying Instance with id 3]
[2022-11-10 22:07:39,909,566] [Exiting instance: {'thread': 5468, 'Command': 'exit', 'Status': 'Watching'}]
[2022-11-10 22:07:42,258,566] [Exiting instance: {'thread': 40676, 'Command': 'exit', 'Status': 'Watching'}]
[2022-11-10 22:07:45,686,566] [Exiting instance: {'thread': 37040, 'Command': 'exit', 'Status': 'Watching'}]
[2022-11-10 22:07:46,116,703] [Spawning one instance. Please wait for alive & watching instances increase.]
[2022-11-10 22:07:46,118,585] [40416 starting instance no 1]
[2022-11-10 22:07:46,412,703] [Spawning one instance. Please wait for alive & watching instances increase.]
[2022-11-10 22:07:46,415,585] [38256 starting instance no 2]
[2022-11-10 22:07:47,093,703] [Spawning one instance. Please wait for alive & watching instances increase.]
[2022-11-10 22:07:47,095,585] [35820 starting instance no 3]
[2022-11-10 22:07:49,068,718] [Destroying one instance. Please wait for alive & watching instances decrease.]
[2022-11-10 22:07:49,070,658] [Issuing shutdown of instance No. 3]
[2022-11-10 22:07:50,348,718] [Destroying one instance. Please wait for alive & watching instances decrease.]
[2022-11-10 22:07:50,350,658] [Issuing shutdown of instance No. 3]
[2022-11-10 22:07:51,165,718] [Destroying one instance. Please wait for alive & watching instances decrease.]
[2022-11-10 22:07:51,167,658] [Issuing shutdown of instance No. 3]
[2022-11-10 22:07:51,422,566] [Exiting instance: {'thread': 35820, 'Command': 'exit', 'Status': 'Watching'}]
[2022-11-10 22:07:56,676,718] [Destroying one instance. Please wait for alive & watching instances decrease.]
[2022-11-10 22:07:56,678,658] [Issuing shutdown of instance No. 2]
[2022-11-10 22:07:59,732,718] [Destroying one instance. Please wait for alive & watching instances decrease.]
[2022-11-10 22:07:59,734,658] [Issuing shutdown of instance No. 2]
[2022-11-10 22:08:02,450,566] [Exiting instance: {'thread': 38256, 'Command': 'exit', 'Status': 'Watching'}]
[2022-11-10 22:08:03,580,718] [Destroying one instance. Please wait for alive & watching instances decrease.]
[2022-11-10 22:08:03,581,658] [Issuing shutdown of instance No. 1]
[2022-11-10 22:08:08,269,566] [Exiting instance: {'thread': 40416, 'Command': 'exit', 'Status': 'Watching'}]
[2022-11-10 22:30:36,562,708] [Spawning five instances. Please wait for alive & watching instances increase.]
[2022-11-10 22:30:36,565,585] [28716 starting instance no 1]
[2022-11-10 22:30:38,575,585] [25716 starting instance no 2]
[2022-11-10 22:30:40,588,585] [40732 starting instance no 3]
[2022-11-10 22:30:42,603,585] [40412 starting instance no 4]
[2022-11-10 22:30:44,604,585] [35432 starting instance no 5]
[2022-11-10 22:30:45,595,722] [Destroying all instances. Please wait for alive & watching instances decrease.]
[2022-11-10 22:30:45,601,642] [Destroying Instance with id 1]
[2022-11-10 22:30:45,602,642] [Destroying Instance with id 2]
[2022-11-10 22:30:45,602,642] [Destroying Instance with id 3]
[2022-11-10 22:30:45,603,642] [Destroying Instance with id 4]
[2022-11-10 22:30:45,603,642] [Destroying Instance with id 5]
[2022-11-10 22:30:46,817,566] [Exiting instance: {'thread': 40412, 'Command': 'exit', 'Status': 'Watching'}]
[2022-11-10 22:30:47,276,566] [Exiting instance: {'thread': 28716, 'Command': 'exit', 'Status': 'Watching'}]
[2022-11-10 22:30:48,678,566] [Exiting instance: {'thread': 35432, 'Command': 'exit', 'Status': 'Watching'}]
[2022-11-10 22:30:48,884,566] [Exiting instance: {'thread': 25716, 'Command': 'exit', 'Status': 'Watching'}]
[2022-11-10 22:30:50,610,566] [Exiting instance: {'thread': 40732, 'Command': 'exit', 'Status': 'Watching'}]
